r 0.01032 0 2 tcp 40 ------- 1 0.0 3.0 0 0
r 0.02064 2 3 tcp 40 ------- 1 0.0 3.0 0 0
r 0.0596 0 2 tcp 1040 ------- 1 0.0 3.0 1 3
r 0.06792 0 2 tcp 1040 ------- 1 0.0 3.0 2 4
r 0.07792 2 3 tcp 1040 ------- 1 0.0 3.0 1 3
r 0.08624 2 3 tcp 1040 ------- 1 0.0 3.0 2 4
r 0.11688 0 2 tcp 1040 ------- 1 0.0 3.0 3 8
r 0.1252 0 2 tcp 1040 ------- 1 0.0 3.0 4 9
r 0.13352 0 2 tcp 1040 ------- 1 0.0 3.0 5 10
r 0.1352 2 3 tcp 1040 ------- 1 0.0 3.0 3 8
r 0.14184 0 2 tcp 1040 ------- 1 0.0 3.0 6 11
r 0.14352 2 3 tcp 1040 ------- 1 0.0 3.0 4 9
r 0.15184 2 3 tcp 1040 ------- 1 0.0 3.0 5 10
r 0.16016 2 3 tcp 1040 ------- 1 0.0 3.0 6 11
r 0.17416 0 2 tcp 1040 ------- 1 0.0 3.0 7 17
r 0.18248 0 2 tcp 1040 ------- 1 0.0 3.0 8 18
r 0.1908 0 2 tcp 1040 ------- 1 0.0 3.0 9 20
r 0.19552 2 3 tcp 1040 ------- 1 0.0 3.0 7 17
r 0.19912 0 2 tcp 1040 ------- 1 0.0 3.0 10 21
r 0.20384 2 3 tcp 1040 ------- 1 0.0 3.0 8 18
r 0.20744 0 2 tcp 1040 ------- 1 0.0 3.0 11 22
r 0.21216 2 3 tcp 1040 ------- 1 0.0 3.0 9 20
r 0.21576 0 2 tcp 1040 ------- 1 0.0 3.0 12 23
r 0.22048 2 3 tcp 1040 ------- 1 0.0 3.0 10 21
r 0.22408 0 2 tcp 1040 ------- 1 0.0 3.0 13 24
r 0.2288 2 3 tcp 1040 ------- 1 0.0 3.0 11 22
r 0.2324 0 2 tcp 1040 ------- 1 0.0 3.0 14 25
r 0.23712 2 3 tcp 1040 ------- 1 0.0 3.0 12 23
r 0.24072 0 2 tcp 1040 ------- 1 0.0 3.0 15 29
r 0.24544 2 3 tcp 1040 ------- 1 0.0 3.0 13 24
r 0.24904 0 2 tcp 1040 ------- 1 0.0 3.0 16 30
r 0.25376 2 3 tcp 1040 ------- 1 0.0 3.0 14 25
r 0.25736 0 2 tcp 1040 ------- 1 0.0 3.0 17 32
r 0.26208 2 3 tcp 1040 ------- 1 0.0 3.0 15 29
r 0.26568 0 2 tcp 1040 ------- 1 0.0 3.0 18 33
r 0.2704 2 3 tcp 1040 ------- 1 0.0 3.0 16 30
r 0.274 0 2 tcp 1040 ------- 1 0.0 3.0 19 35
r 0.27872 2 3 tcp 1040 ------- 1 0.0 3.0 17 32
r 0.28232 0 2 tcp 1040 ------- 1 0.0 3.0 20 36
r 0.28704 2 3 tcp 1040 ------- 1 0.0 3.0 18 33
r 0.29064 0 2 tcp 1040 ------- 1 0.0 3.0 21 39
r 0.29536 2 3 tcp 1040 ------- 1 0.0 3.0 19 35
r 0.29896 0 2 tcp 1040 ------- 1 0.0 3.0 22 40
r 0.30368 2 3 tcp 1040 ------- 1 0.0 3.0 20 36
r 0.30728 0 2 tcp 1040 ------- 1 0.0 3.0 23 43
r 0.312 2 3 tcp 1040 ------- 1 0.0 3.0 21 39
r 0.3156 0 2 tcp 1040 ------- 1 0.0 3.0 24 44
r 0.32032 2 3 tcp 1040 ------- 1 0.0 3.0 22 40
r 0.32392 0 2 tcp 1040 ------- 1 0.0 3.0 25 46
r 0.32864 2 3 tcp 1040 ------- 1 0.0 3.0 23 43
r 0.33224 0 2 tcp 1040 ------- 1 0.0 3.0 26 47
r 0.33696 2 3 tcp 1040 ------- 1 0.0 3.0 24 44
r 0.34056 0 2 tcp 1040 ------- 1 0.0 3.0 27 49
r 0.34528 2 3 tcp 1040 ------- 1 0.0 3.0 25 46
r 0.34888 0 2 tcp 1040 ------- 1 0.0 3.0 28 50
r 0.3572 0 2 tcp 1040 ------- 1 0.0 3.0 29 52
r 0.36192 2 3 tcp 1040 ------- 1 0.0 3.0 26 47
r 0.36552 0 2 tcp 1040 ------- 1 0.0 3.0 30 53
r 0.37384 0 2 tcp 1040 ------- 1 0.0 3.0 31 55
r 0.37856 2 3 tcp 1040 ------- 1 0.0 3.0 27 49
r 0.38216 0 2 tcp 1040 ------- 1 0.0 3.0 32 56
r 0.39048 0 2 tcp 1040 ------- 1 0.0 3.0 33 58
r 0.3952 2 3 tcp 1040 ------- 1 0.0 3.0 28 50
r 0.3988 0 2 tcp 1040 ------- 1 0.0 3.0 34 59
r 0.40712 0 2 tcp 1040 ------- 1 0.0 3.0 35 61
r 0.41184 2 3 tcp 1040 ------- 1 0.0 3.0 29 52
r 0.41544 0 2 tcp 1040 ------- 1 0.0 3.0 36 62
r 0.42016 2 3 tcp 1040 ------- 1 0.0 3.0 30 53
r 0.42376 0 2 tcp 1040 ------- 1 0.0 3.0 37 64
r 0.42848 2 3 tcp 1040 ------- 1 0.0 3.0 31 55
r 0.43208 0 2 tcp 1040 ------- 1 0.0 3.0 38 65
r 0.4368 2 3 tcp 1040 ------- 1 0.0 3.0 32 56
r 0.4404 0 2 tcp 1040 ------- 1 0.0 3.0 39 69
r 0.44512 2 3 tcp 1040 ------- 1 0.0 3.0 33 58
r 0.44872 0 2 tcp 1040 ------- 1 0.0 3.0 40 73
r 0.45344 2 3 tcp 1040 ------- 1 0.0 3.0 34 59
r 0.45704 0 2 tcp 1040 ------- 1 0.0 3.0 41 75
r 0.46176 2 3 tcp 1040 ------- 1 0.0 3.0 35 61
r 0.46536 0 2 tcp 1040 ------- 1 0.0 3.0 42 77
r 0.47008 2 3 tcp 1040 ------- 1 0.0 3.0 36 62
r 0.47368 0 2 tcp 1040 ------- 1 0.0 3.0 43 79
r 0.4784 2 3 tcp 1040 ------- 1 0.0 3.0 37 64
r 0.482 0 2 tcp 1040 ------- 1 0.0 3.0 44 80
r 0.48672 2 3 tcp 1040 ------- 1 0.0 3.0 38 65
r 0.49032 0 2 tcp 1040 ------- 1 0.0 3.0 45 82
r 0.49504 2 3 tcp 1040 ------- 1 0.0 3.0 39 69
r 0.49864 0 2 tcp 1040 ------- 1 0.0 3.0 46 84
r 0.50336 2 3 tcp 1040 ------- 1 0.0 3.0 40 73
r 0.50696 0 2 tcp 1040 ------- 1 0.0 3.0 47 86
r 0.51168 2 3 tcp 1040 ------- 1 0.0 3.0 41 75
r 0.51528 0 2 tcp 1040 ------- 1 0.0 3.0 48 89
r 0.52 2 3 tcp 1040 ------- 1 0.0 3.0 42 77
r 0.5236 0 2 tcp 1040 ------- 1 0.0 3.0 49 93
r 0.52832 2 3 tcp 1040 ------- 1 0.0 3.0 43 79
r 0.53192 0 2 tcp 1040 ------- 1 0.0 3.0 50 95
r 0.53664 2 3 tcp 1040 ------- 1 0.0 3.0 44 80
r 0.54024 0 2 tcp 1040 ------- 1 0.0 3.0 51 98
r 0.54496 2 3 tcp 1040 ------- 1 0.0 3.0 45 82
r 0.54856 0 2 tcp 1040 ------- 1 0.0 3.0 52 100
r 0.55328 2 3 tcp 1040 ------- 1 0.0 3.0 46 84
r 0.55688 0 2 tcp 1040 ------- 1 0.0 3.0 53 103
r 0.5652 0 2 tcp 1040 ------- 1 0.0 3.0 54 105
r 0.56992 2 3 tcp 1040 ------- 1 0.0 3.0 47 86
r 0.57352 0 2 tcp 1040 ------- 1 0.0 3.0 55 107
r 0.58184 0 2 tcp 1040 ------- 1 0.0 3.0 56 111
r 0.58656 2 3 tcp 1040 ------- 1 0.0 3.0 48 89
r 0.59016 0 2 tcp 1040 ------- 1 0.0 3.0 57 113
r 0.59848 0 2 tcp 1040 ------- 1 0.0 3.0 58 117
r 0.6032 2 3 tcp 1040 ------- 1 0.0 3.0 49 93
r 0.6068 0 2 tcp 1040 ------- 1 0.0 3.0 59 119
r 0.61512 0 2 tcp 1040 ------- 1 0.0 3.0 60 123
r 0.61984 2 3 tcp 1040 ------- 1 0.0 3.0 50 95
r 0.62344 0 2 tcp 1040 ------- 1 0.0 3.0 61 125
r 0.62816 2 3 tcp 1040 ------- 1 0.0 3.0 51 98
r 0.63176 0 2 tcp 1040 ------- 1 0.0 3.0 62 129
r 0.63648 2 3 tcp 1040 ------- 1 0.0 3.0 52 100
r 0.64008 0 2 tcp 1040 ------- 1 0.0 3.0 63 131
r 0.6448 2 3 tcp 1040 ------- 1 0.0 3.0 53 103
r 0.6484 0 2 tcp 1040 ------- 1 0.0 3.0 64 133
r 0.65312 2 3 tcp 1040 ------- 1 0.0 3.0 54 105
r 0.65672 0 2 tcp 1040 ------- 1 0.0 3.0 65 134
r 0.66144 2 3 tcp 1040 ------- 1 0.0 3.0 55 107
r 0.66504 0 2 tcp 1040 ------- 1 0.0 3.0 66 136
r 0.66976 2 3 tcp 1040 ------- 1 0.0 3.0 56 111
r 0.67336 0 2 tcp 1040 ------- 1 0.0 3.0 67 138
r 0.67808 2 3 tcp 1040 ------- 1 0.0 3.0 57 113
r 0.68168 0 2 tcp 1040 ------- 1 0.0 3.0 68 140
r 0.6864 2 3 tcp 1040 ------- 1 0.0 3.0 58 117
r 0.69 0 2 tcp 1040 ------- 1 0.0 3.0 69 143
r 0.69472 2 3 tcp 1040 ------- 1 0.0 3.0 59 119
r 0.69832 0 2 tcp 1040 ------- 1 0.0 3.0 70 147
r 0.70304 2 3 tcp 1040 ------- 1 0.0 3.0 60 123
r 0.70664 0 2 tcp 1040 ------- 1 0.0 3.0 71 149
r 0.71136 2 3 tcp 1040 ------- 1 0.0 3.0 61 125
r 0.71496 0 2 tcp 1040 ------- 1 0.0 3.0 72 152
r 0.71968 2 3 tcp 1040 ------- 1 0.0 3.0 62 129
r 0.72328 0 2 tcp 1040 ------- 1 0.0 3.0 73 154
r 0.728 2 3 tcp 1040 ------- 1 0.0 3.0 63 131
r 0.7316 0 2 tcp 1040 ------- 1 0.0 3.0 74 157
r 0.73632 2 3 tcp 1040 ------- 1 0.0 3.0 64 133
r 0.73992 0 2 tcp 1040 ------- 1 0.0 3.0 75 159
r 0.74464 2 3 tcp 1040 ------- 1 0.0 3.0 65 134
r 0.74824 0 2 tcp 1040 ------- 1 0.0 3.0 76 161
r 0.75296 2 3 tcp 1040 ------- 1 0.0 3.0 66 136
r 0.75656 0 2 tcp 1040 ------- 1 0.0 3.0 77 165
r 0.76128 2 3 tcp 1040 ------- 1 0.0 3.0 67 138
r 0.76488 0 2 tcp 1040 ------- 1 0.0 3.0 78 167
r 0.7696 2 3 tcp 1040 ------- 1 0.0 3.0 68 140
r 0.7732 0 2 tcp 1040 ------- 1 0.0 3.0 79 171
r 0.77792 2 3 tcp 1040 ------- 1 0.0 3.0 69 143
r 0.78152 0 2 tcp 1040 ------- 1 0.0 3.0 80 173
r 0.78624 2 3 tcp 1040 ------- 1 0.0 3.0 70 147
r 0.78984 0 2 tcp 1040 ------- 1 0.0 3.0 81 177
r 0.79456 2 3 tcp 1040 ------- 1 0.0 3.0 71 149
r 0.79816 0 2 tcp 1040 ------- 1 0.0 3.0 82 179
r 0.80288 2 3 tcp 1040 ------- 1 0.0 3.0 72 152
r 0.80648 0 2 tcp 1040 ------- 1 0.0 3.0 83 183
r 0.8112 2 3 tcp 1040 ------- 1 0.0 3.0 73 154
r 0.8148 0 2 tcp 1040 ------- 1 0.0 3.0 84 185
r 0.81952 2 3 tcp 1040 ------- 1 0.0 3.0 74 157
r 0.82312 0 2 tcp 1040 ------- 1 0.0 3.0 85 187
r 0.82784 2 3 tcp 1040 ------- 1 0.0 3.0 75 159
r 0.83144 0 2 tcp 1040 ------- 1 0.0 3.0 86 189
r 0.83616 2 3 tcp 1040 ------- 1 0.0 3.0 76 161
r 0.83976 0 2 tcp 1040 ------- 1 0.0 3.0 87 191
r 0.84448 2 3 tcp 1040 ------- 1 0.0 3.0 77 165
r 0.84808 0 2 tcp 1040 ------- 1 0.0 3.0 88 193
r 0.8528 2 3 tcp 1040 ------- 1 0.0 3.0 78 167
r 0.8564 0 2 tcp 1040 ------- 1 0.0 3.0 89 195
r 0.86112 2 3 tcp 1040 ------- 1 0.0 3.0 79 171
r 0.86472 0 2 tcp 1040 ------- 1 0.0 3.0 90 197
r 0.86944 2 3 tcp 1040 ------- 1 0.0 3.0 80 173
r 0.87304 0 2 tcp 1040 ------- 1 0.0 3.0 91 199
r 0.87776 2 3 tcp 1040 ------- 1 0.0 3.0 81 177
r 0.88136 0 2 tcp 1040 ------- 1 0.0 3.0 92 201
r 0.88608 2 3 tcp 1040 ------- 1 0.0 3.0 82 179
r 0.88968 0 2 tcp 1040 ------- 1 0.0 3.0 93 203
r 0.8944 2 3 tcp 1040 ------- 1 0.0 3.0 83 183
r 0.898 0 2 tcp 1040 ------- 1 0.0 3.0 94 205
r 0.90272 2 3 tcp 1040 ------- 1 0.0 3.0 84 185
r 0.90632 0 2 tcp 1040 ------- 1 0.0 3.0 95 207
r 0.91104 2 3 tcp 1040 ------- 1 0.0 3.0 85 187
r 0.91464 0 2 tcp 1040 ------- 1 0.0 3.0 96 209
r 0.91936 2 3 tcp 1040 ------- 1 0.0 3.0 86 189
r 0.92296 0 2 tcp 1040 ------- 1 0.0 3.0 97 211
r 0.92768 2 3 tcp 1040 ------- 1 0.0 3.0 87 191
r 0.93128 0 2 tcp 1040 ------- 1 0.0 3.0 98 213
r 0.936 2 3 tcp 1040 ------- 1 0.0 3.0 88 193
r 0.9396 0 2 tcp 1040 ------- 1 0.0 3.0 99 215
r 0.94432 2 3 tcp 1040 ------- 1 0.0 3.0 89 195
r 0.94792 0 2 tcp 1040 ------- 1 0.0 3.0 100 217
r 0.95264 2 3 tcp 1040 ------- 1 0.0 3.0 90 197
r 0.95624 0 2 tcp 1040 ------- 1 0.0 3.0 101 219
r 0.96096 2 3 tcp 1040 ------- 1 0.0 3.0 91 199
r 0.96456 0 2 tcp 1040 ------- 1 0.0 3.0 102 221
r 0.96928 2 3 tcp 1040 ------- 1 0.0 3.0 92 201
r 0.97288 0 2 tcp 1040 ------- 1 0.0 3.0 103 223
r 0.9776 2 3 tcp 1040 ------- 1 0.0 3.0 93 203
r 0.9812 0 2 tcp 1040 ------- 1 0.0 3.0 104 225
r 0.98592 2 3 tcp 1040 ------- 1 0.0 3.0 94 205
r 0.98952 0 2 tcp 1040 ------- 1 0.0 3.0 105 227
r 0.99424 2 3 tcp 1040 ------- 1 0.0 3.0 95 207
r 0.99784 0 2 tcp 1040 ------- 1 0.0 3.0 106 229
r 1.00256 2 3 tcp 1040 ------- 1 0.0 3.0 96 209
r 1.00616 0 2 tcp 1040 ------- 1 0.0 3.0 107 231
r 1.01088 2 3 tcp 1040 ------- 1 0.0 3.0 97 211
r 1.01448 0 2 tcp 1040 ------- 1 0.0 3.0 108 233
r 1.0192 2 3 tcp 1040 ------- 1 0.0 3.0 98 213
r 1.0228 0 2 tcp 1040 ------- 1 0.0 3.0 109 235
r 1.02752 2 3 tcp 1040 ------- 1 0.0 3.0 99 215
r 1.03112 0 2 tcp 1040 ------- 1 0.0 3.0 110 237
r 1.03584 2 3 tcp 1040 ------- 1 0.0 3.0 100 217
r 1.03944 0 2 tcp 1040 ------- 1 0.0 3.0 111 239
r 1.04416 2 3 tcp 1040 ------- 1 0.0 3.0 101 219
r 1.04776 0 2 tcp 1040 ------- 1 0.0 3.0 112 241
r 1.05248 2 3 tcp 1040 ------- 1 0.0 3.0 102 221
r 1.05608 0 2 tcp 1040 ------- 1 0.0 3.0 113 243
r 1.0608 2 3 tcp 1040 ------- 1 0.0 3.0 103 223
r 1.0644 0 2 tcp 1040 ------- 1 0.0 3.0 114 245
r 1.06912 2 3 tcp 1040 ------- 1 0.0 3.0 104 225
r 1.07272 0 2 tcp 1040 ------- 1 0.0 3.0 115 247
r 1.07744 2 3 tcp 1040 ------- 1 0.0 3.0 105 227
r 1.08104 0 2 tcp 1040 ------- 1 0.0 3.0 116 249
r 1.08576 2 3 tcp 1040 ------- 1 0.0 3.0 106 229
r 1.08936 0 2 tcp 1040 ------- 1 0.0 3.0 117 251
r 1.09408 2 3 tcp 1040 ------- 1 0.0 3.0 107 231
r 1.09768 0 2 tcp 1040 ------- 1 0.0 3.0 118 253
r 1.1024 2 3 tcp 1040 ------- 1 0.0 3.0 108 233
r 1.106 0 2 tcp 1040 ------- 1 0.0 3.0 119 255
r 1.11072 2 3 tcp 1040 ------- 1 0.0 3.0 109 235
r 1.11432 0 2 tcp 1040 ------- 1 0.0 3.0 120 257
r 1.11904 2 3 tcp 1040 ------- 1 0.0 3.0 110 237
r 1.12264 0 2 tcp 1040 ------- 1 0.0 3.0 121 259
r 1.12736 2 3 tcp 1040 ------- 1 0.0 3.0 111 239
r 1.13096 0 2 tcp 1040 ------- 1 0.0 3.0 122 261
r 1.13568 2 3 tcp 1040 ------- 1 0.0 3.0 112 241
r 1.13928 0 2 tcp 1040 ------- 1 0.0 3.0 123 263
r 1.144 2 3 tcp 1040 ------- 1 0.0 3.0 113 243
r 1.1476 0 2 tcp 1040 ------- 1 0.0 3.0 124 265
r 1.15232 2 3 tcp 1040 ------- 1 0.0 3.0 114 245
r 1.15592 0 2 tcp 1040 ------- 1 0.0 3.0 125 267
r 1.16064 2 3 tcp 1040 ------- 1 0.0 3.0 115 247
r 1.16424 0 2 tcp 1040 ------- 1 0.0 3.0 126 269
r 1.16896 2 3 tcp 1040 ------- 1 0.0 3.0 116 249
r 1.17256 0 2 tcp 1040 ------- 1 0.0 3.0 127 271
r 1.17728 2 3 tcp 1040 ------- 1 0.0 3.0 117 251
r 1.18088 0 2 tcp 1040 ------- 1 0.0 3.0 128 273
r 1.1856 2 3 tcp 1040 ------- 1 0.0 3.0 118 253
r 1.1892 0 2 tcp 1040 ------- 1 0.0 3.0 129 276
r 1.19392 2 3 tcp 1040 ------- 1 0.0 3.0 119 255
r 1.19752 0 2 tcp 1040 ------- 1 0.0 3.0 130 278
r 1.20224 2 3 tcp 1040 ------- 1 0.0 3.0 120 257
r 1.20584 0 2 tcp 1040 ------- 1 0.0 3.0 131 280
r 1.21056 2 3 tcp 1040 ------- 1 0.0 3.0 121 259
r 1.21416 0 2 tcp 1040 ------- 1 0.0 3.0 132 282
r 1.21888 2 3 tcp 1040 ------- 1 0.0 3.0 122 261
r 1.22248 0 2 tcp 1040 ------- 1 0.0 3.0 133 284
r 1.2272 2 3 tcp 1040 ------- 1 0.0 3.0 123 263
r 1.2308 0 2 tcp 1040 ------- 1 0.0 3.0 134 286
r 1.23552 2 3 tcp 1040 ------- 1 0.0 3.0 124 265
r 1.23912 0 2 tcp 1040 ------- 1 0.0 3.0 135 288
r 1.24384 2 3 tcp 1040 ------- 1 0.0 3.0 125 267
r 1.24744 0 2 tcp 1040 ------- 1 0.0 3.0 136 290
r 1.25216 2 3 tcp 1040 ------- 1 0.0 3.0 126 269
r 1.25576 0 2 tcp 1040 ------- 1 0.0 3.0 137 292
r 1.26048 2 3 tcp 1040 ------- 1 0.0 3.0 127 271
r 1.26408 0 2 tcp 1040 ------- 1 0.0 3.0 138 294
r 1.2688 2 3 tcp 1040 ------- 1 0.0 3.0 128 273
r 1.2724 0 2 tcp 1040 ------- 1 0.0 3.0 139 296
r 1.27712 2 3 tcp 1040 ------- 1 0.0 3.0 129 276
r 1.28072 0 2 tcp 1040 ------- 1 0.0 3.0 140 298
r 1.28544 2 3 tcp 1040 ------- 1 0.0 3.0 130 278
r 1.28904 0 2 tcp 1040 ------- 1 0.0 3.0 141 300
r 1.29376 2 3 tcp 1040 ------- 1 0.0 3.0 131 280
r 1.29736 0 2 tcp 1040 ------- 1 0.0 3.0 142 302
r 1.30208 2 3 tcp 1040 ------- 1 0.0 3.0 132 282
r 1.30568 0 2 tcp 1040 ------- 1 0.0 3.0 143 304
r 1.3104 2 3 tcp 1040 ------- 1 0.0 3.0 133 284
r 1.314 0 2 tcp 1040 ------- 1 0.0 3.0 144 306
r 1.31872 2 3 tcp 1040 ------- 1 0.0 3.0 134 286
r 1.32232 0 2 tcp 1040 ------- 1 0.0 3.0 145 308
r 1.32704 2 3 tcp 1040 ------- 1 0.0 3.0 135 288
r 1.33064 0 2 tcp 1040 ------- 1 0.0 3.0 146 310
r 1.33536 2 3 tcp 1040 ------- 1 0.0 3.0 136 290
r 1.33896 0 2 tcp 1040 ------- 1 0.0 3.0 147 312
r 1.34368 2 3 tcp 1040 ------- 1 0.0 3.0 137 292
r 1.34728 0 2 tcp 1040 ------- 1 0.0 3.0 148 314
r 1.352 2 3 tcp 1040 ------- 1 0.0 3.0 138 294
r 1.3556 0 2 tcp 1040 ------- 1 0.0 3.0 149 316
r 1.36032 2 3 tcp 1040 ------- 1 0.0 3.0 139 296
r 1.36392 0 2 tcp 1040 ------- 1 0.0 3.0 150 318
r 1.36864 2 3 tcp 1040 ------- 1 0.0 3.0 140 298
r 1.37224 0 2 tcp 1040 ------- 1 0.0 3.0 151 320
r 1.37696 2 3 tcp 1040 ------- 1 0.0 3.0 141 300
r 1.38056 0 2 tcp 1040 ------- 1 0.0 3.0 152 322
r 1.38528 2 3 tcp 1040 ------- 1 0.0 3.0 142 302
r 1.38888 0 2 tcp 1040 ------- 1 0.0 3.0 153 324
r 1.3936 2 3 tcp 1040 ------- 1 0.0 3.0 143 304
r 1.3972 0 2 tcp 1040 ------- 1 0.0 3.0 154 326
r 1.40192 2 3 tcp 1040 ------- 1 0.0 3.0 144 306
r 1.40552 0 2 tcp 1040 ------- 1 0.0 3.0 155 328
r 1.41024 2 3 tcp 1040 ------- 1 0.0 3.0 145 308
r 1.41384 0 2 tcp 1040 ------- 1 0.0 3.0 156 330
r 1.41856 2 3 tcp 1040 ------- 1 0.0 3.0 146 310
r 1.42216 0 2 tcp 1040 ------- 1 0.0 3.0 157 332
r 1.42688 2 3 tcp 1040 ------- 1 0.0 3.0 147 312
r 1.43048 0 2 tcp 1040 ------- 1 0.0 3.0 158 334
r 1.4352 2 3 tcp 1040 ------- 1 0.0 3.0 148 314
r 1.4388 0 2 tcp 1040 ------- 1 0.0 3.0 159 336
r 1.44352 2 3 tcp 1040 ------- 1 0.0 3.0 149 316
r 1.44712 0 2 tcp 1040 ------- 1 0.0 3.0 160 338
r 1.45184 2 3 tcp 1040 ------- 1 0.0 3.0 150 318
r 1.45544 0 2 tcp 1040 ------- 1 0.0 3.0 161 340
r 1.46016 2 3 tcp 1040 ------- 1 0.0 3.0 151 320
r 1.46376 0 2 tcp 1040 ------- 1 0.0 3.0 162 342
r 1.46848 2 3 tcp 1040 ------- 1 0.0 3.0 152 322
r 1.47208 0 2 tcp 1040 ------- 1 0.0 3.0 163 344
r 1.4768 2 3 tcp 1040 ------- 1 0.0 3.0 153 324
r 1.4804 0 2 tcp 1040 ------- 1 0.0 3.0 164 346
r 1.48512 2 3 tcp 1040 ------- 1 0.0 3.0 154 326
r 1.48872 0 2 tcp 1040 ------- 1 0.0 3.0 165 348
r 1.49344 2 3 tcp 1040 ------- 1 0.0 3.0 155 328
r 1.49704 0 2 tcp 1040 ------- 1 0.0 3.0 166 350
r 1.50176 2 3 tcp 1040 ------- 1 0.0 3.0 156 330
r 1.50536 0 2 tcp 1040 ------- 1 0.0 3.0 167 352
r 1.51008 2 3 tcp 1040 ------- 1 0.0 3.0 157 332
r 1.51368 0 2 tcp 1040 ------- 1 0.0 3.0 168 354
r 1.5184 2 3 tcp 1040 ------- 1 0.0 3.0 158 334
r 1.522 0 2 tcp 1040 ------- 1 0.0 3.0 169 356
r 1.52672 2 3 tcp 1040 ------- 1 0.0 3.0 159 336
r 1.53032 0 2 tcp 1040 ------- 1 0.0 3.0 170 358
r 1.53504 2 3 tcp 1040 ------- 1 0.0 3.0 160 338
r 1.53864 0 2 tcp 1040 ------- 1 0.0 3.0 171 360
r 1.54336 2 3 tcp 1040 ------- 1 0.0 3.0 161 340
r 1.54696 0 2 tcp 1040 ------- 1 0.0 3.0 172 362
r 1.55168 2 3 tcp 1040 ------- 1 0.0 3.0 162 342
r 1.55528 0 2 tcp 1040 ------- 1 0.0 3.0 173 364
r 1.56 2 3 tcp 1040 ------- 1 0.0 3.0 163 344
r 1.5636 0 2 tcp 1040 ------- 1 0.0 3.0 174 366
r 1.56832 2 3 tcp 1040 ------- 1 0.0 3.0 164 346
r 1.57192 0 2 tcp 1040 ------- 1 0.0 3.0 175 368
r 1.57664 2 3 tcp 1040 ------- 1 0.0 3.0 165 348
r 1.58024 0 2 tcp 1040 ------- 1 0.0 3.0 176 370
r 1.58496 2 3 tcp 1040 ------- 1 0.0 3.0 166 350
r 1.58856 0 2 tcp 1040 ------- 1 0.0 3.0 177 372
r 1.59328 2 3 tcp 1040 ------- 1 0.0 3.0 167 352
r 1.59688 0 2 tcp 1040 ------- 1 0.0 3.0 178 374
r 1.6016 2 3 tcp 1040 ------- 1 0.0 3.0 168 354
r 1.6052 0 2 tcp 1040 ------- 1 0.0 3.0 179 376
r 1.60992 2 3 tcp 1040 ------- 1 0.0 3.0 169 356
r 1.61352 0 2 tcp 1040 ------- 1 0.0 3.0 180 378
r 1.61824 2 3 tcp 1040 ------- 1 0.0 3.0 170 358
r 1.62184 0 2 tcp 1040 ------- 1 0.0 3.0 181 380
r 1.62656 2 3 tcp 1040 ------- 1 0.0 3.0 171 360
r 1.63016 0 2 tcp 1040 ------- 1 0.0 3.0 182 382
r 1.63488 2 3 tcp 1040 ------- 1 0.0 3.0 172 362
r 1.63848 0 2 tcp 1040 ------- 1 0.0 3.0 183 384
r 1.6432 2 3 tcp 1040 ------- 1 0.0 3.0 173 364
r 1.6468 0 2 tcp 1040 ------- 1 0.0 3.0 184 386
r 1.65152 2 3 tcp 1040 ------- 1 0.0 3.0 174 366
r 1.65512 0 2 tcp 1040 ------- 1 0.0 3.0 185 388
r 1.65984 2 3 tcp 1040 ------- 1 0.0 3.0 175 368
r 1.66344 0 2 tcp 1040 ------- 1 0.0 3.0 186 390
r 1.66816 2 3 tcp 1040 ------- 1 0.0 3.0 176 370
r 1.67176 0 2 tcp 1040 ------- 1 0.0 3.0 187 392
r 1.67648 2 3 tcp 1040 ------- 1 0.0 3.0 177 372
r 1.68008 0 2 tcp 1040 ------- 1 0.0 3.0 188 394
r 1.6848 2 3 tcp 1040 ------- 1 0.0 3.0 178 374
r 1.6884 0 2 tcp 1040 ------- 1 0.0 3.0 189 396
r 1.69312 2 3 tcp 1040 ------- 1 0.0 3.0 179 376
r 1.69672 0 2 tcp 1040 ------- 1 0.0 3.0 190 398
r 1.70144 2 3 tcp 1040 ------- 1 0.0 3.0 180 378
r 1.70504 0 2 tcp 1040 ------- 1 0.0 3.0 191 400
r 1.70976 2 3 tcp 1040 ------- 1 0.0 3.0 181 380
r 1.71336 0 2 tcp 1040 ------- 1 0.0 3.0 192 402
r 1.71808 2 3 tcp 1040 ------- 1 0.0 3.0 182 382
r 1.72168 0 2 tcp 1040 ------- 1 0.0 3.0 193 404
r 1.7264 2 3 tcp 1040 ------- 1 0.0 3.0 183 384
r 1.73 0 2 tcp 1040 ------- 1 0.0 3.0 194 406
r 1.73472 2 3 tcp 1040 ------- 1 0.0 3.0 184 386
r 1.73832 0 2 tcp 1040 ------- 1 0.0 3.0 195 408
r 1.74304 2 3 tcp 1040 ------- 1 0.0 3.0 185 388
r 1.74664 0 2 tcp 1040 ------- 1 0.0 3.0 196 410
r 1.75136 2 3 tcp 1040 ------- 1 0.0 3.0 186 390
r 1.75496 0 2 tcp 1040 ------- 1 0.0 3.0 197 412
r 1.75968 2 3 tcp 1040 ------- 1 0.0 3.0 187 392
r 1.76328 0 2 tcp 1040 ------- 1 0.0 3.0 198 414
r 1.768 2 3 tcp 1040 ------- 1 0.0 3.0 188 394
r 1.7716 0 2 tcp 1040 ------- 1 0.0 3.0 199 416
r 1.77632 2 3 tcp 1040 ------- 1 0.0 3.0 189 396
r 1.77992 0 2 tcp 1040 ------- 1 0.0 3.0 200 418
r 1.78464 2 3 tcp 1040 ------- 1 0.0 3.0 190 398
r 1.78824 0 2 tcp 1040 ------- 1 0.0 3.0 201 420
r 1.79296 2 3 tcp 1040 ------- 1 0.0 3.0 191 400
r 1.79656 0 2 tcp 1040 ------- 1 0.0 3.0 202 422
r 1.80128 2 3 tcp 1040 ------- 1 0.0 3.0 192 402
r 1.80488 0 2 tcp 1040 ------- 1 0.0 3.0 203 424
r 1.8096 2 3 tcp 1040 ------- 1 0.0 3.0 193 404
r 1.8132 0 2 tcp 1040 ------- 1 0.0 3.0 204 426
r 1.81792 2 3 tcp 1040 ------- 1 0.0 3.0 194 406
r 1.82152 0 2 tcp 1040 ------- 1 0.0 3.0 205 428
r 1.82624 2 3 tcp 1040 ------- 1 0.0 3.0 195 408
r 1.82984 0 2 tcp 1040 ------- 1 0.0 3.0 206 430
r 1.83456 2 3 tcp 1040 ------- 1 0.0 3.0 196 410
r 1.83816 0 2 tcp 1040 ------- 1 0.0 3.0 207 432
r 1.84288 2 3 tcp 1040 ------- 1 0.0 3.0 197 412
r 1.84648 0 2 tcp 1040 ------- 1 0.0 3.0 208 434
r 1.8512 2 3 tcp 1040 ------- 1 0.0 3.0 198 414
r 1.8548 0 2 tcp 1040 ------- 1 0.0 3.0 209 436
r 1.85952 2 3 tcp 1040 ------- 1 0.0 3.0 199 416
r 1.86312 0 2 tcp 1040 ------- 1 0.0 3.0 210 438
r 1.86784 2 3 tcp 1040 ------- 1 0.0 3.0 200 418
r 1.87144 0 2 tcp 1040 ------- 1 0.0 3.0 211 440
r 1.87616 2 3 tcp 1040 ------- 1 0.0 3.0 201 420
r 1.87976 0 2 tcp 1040 ------- 1 0.0 3.0 212 442
r 1.88448 2 3 tcp 1040 ------- 1 0.0 3.0 202 422
r 1.88808 0 2 tcp 1040 ------- 1 0.0 3.0 213 444
r 1.8928 2 3 tcp 1040 ------- 1 0.0 3.0 203 424
r 1.8964 0 2 tcp 1040 ------- 1 0.0 3.0 214 446
r 1.90112 2 3 tcp 1040 ------- 1 0.0 3.0 204 426
r 1.90472 0 2 tcp 1040 ------- 1 0.0 3.0 215 448
r 1.90944 2 3 tcp 1040 ------- 1 0.0 3.0 205 428
r 1.91304 0 2 tcp 1040 ------- 1 0.0 3.0 216 450
r 1.91776 2 3 tcp 1040 ------- 1 0.0 3.0 206 430
r 1.92136 0 2 tcp 1040 ------- 1 0.0 3.0 217 452
r 1.92608 2 3 tcp 1040 ------- 1 0.0 3.0 207 432
r 1.92968 0 2 tcp 1040 ------- 1 0.0 3.0 218 454
r 1.9344 2 3 tcp 1040 ------- 1 0.0 3.0 208 434
r 1.938 0 2 tcp 1040 ------- 1 0.0 3.0 219 456
r 1.94272 2 3 tcp 1040 ------- 1 0.0 3.0 209 436
r 1.94632 0 2 tcp 1040 ------- 1 0.0 3.0 220 458
r 1.95104 2 3 tcp 1040 ------- 1 0.0 3.0 210 438
r 1.95464 0 2 tcp 1040 ------- 1 0.0 3.0 221 460
r 1.95936 2 3 tcp 1040 ------- 1 0.0 3.0 211 440
r 1.96296 0 2 tcp 1040 ------- 1 0.0 3.0 222 462
r 1.96768 2 3 tcp 1040 ------- 1 0.0 3.0 212 442
r 1.97128 0 2 tcp 1040 ------- 1 0.0 3.0 223 465
r 1.976 2 3 tcp 1040 ------- 1 0.0 3.0 213 444
r 1.9796 0 2 tcp 1040 ------- 1 0.0 3.0 224 467
r 1.98432 2 3 tcp 1040 ------- 1 0.0 3.0 214 446
r 1.98792 0 2 tcp 1040 ------- 1 0.0 3.0 225 469
r 1.99264 2 3 tcp 1040 ------- 1 0.0 3.0 215 448
r 1.99624 0 2 tcp 1040 ------- 1 0.0 3.0 226 471
r 2.00096 2 3 tcp 1040 ------- 1 0.0 3.0 216 450
r 2.00456 0 2 tcp 1040 ------- 1 0.0 3.0 227 473
r 2.00928 2 3 tcp 1040 ------- 1 0.0 3.0 217 452
r 2.01288 0 2 tcp 1040 ------- 1 0.0 3.0 228 475
r 2.0212 0 2 tcp 1040 ------- 1 0.0 3.0 229 477
r 2.02592 2 3 tcp 1040 ------- 1 0.0 3.0 219 456
r 2.02952 0 2 tcp 1040 ------- 1 0.0 3.0 230 479
r 2.03424 2 3 tcp 1040 ------- 1 0.0 3.0 220 458
r 2.03784 0 2 tcp 1040 ------- 1 0.0 3.0 231 481
r 2.04256 2 3 tcp 1040 ------- 1 0.0 3.0 221 460
r 2.04616 0 2 tcp 1040 ------- 1 0.0 3.0 232 483
r 2.05088 2 3 tcp 1040 ------- 1 0.0 3.0 222 462
r 2.05448 0 2 tcp 1040 ------- 1 0.0 3.0 233 485
r 2.0592 2 3 tcp 1040 ------- 1 0.0 3.0 223 465
r 2.0628 0 2 tcp 1040 ------- 1 0.0 3.0 234 487
r 2.06752 2 3 tcp 1040 ------- 1 0.0 3.0 224 467
r 2.07112 0 2 tcp 1040 ------- 1 0.0 3.0 235 489
r 2.07584 2 3 tcp 1040 ------- 1 0.0 3.0 225 469
r 2.07944 0 2 tcp 1040 ------- 1 0.0 3.0 236 490
r 2.08416 2 3 tcp 1040 ------- 1 0.0 3.0 226 471
r 2.08776 0 2 tcp 1040 ------- 1 0.0 3.0 237 492
r 2.09248 2 3 tcp 1040 ------- 1 0.0 3.0 227 473
r 2.09608 0 2 tcp 1040 ---A--- 1 0.0 3.0 218 497
r 2.1008 2 3 tcp 1040 ------- 1 0.0 3.0 228 475
r 2.10912 2 3 tcp 1040 ------- 1 0.0 3.0 229 477
r 2.11744 2 3 tcp 1040 ------- 1 0.0 3.0 230 479
r 2.12576 2 3 tcp 1040 ------- 1 0.0 3.0 231 481
r 2.13408 2 3 tcp 1040 ------- 1 0.0 3.0 232 483
r 2.1424 2 3 tcp 1040 ------- 1 0.0 3.0 233 485
r 2.15072 2 3 tcp 1040 ------- 1 0.0 3.0 234 487
r 2.15904 2 3 tcp 1040 ------- 1 0.0 3.0 235 489
r 2.16736 2 3 tcp 1040 ------- 1 0.0 3.0 236 490
r 2.17568 2 3 tcp 1040 ------- 1 0.0 3.0 237 492
r 2.184 2 3 tcp 1040 ---A--- 1 0.0 3.0 218 497
r 2.22296 0 2 tcp 1040 ------- 1 0.0 3.0 238 516
r 2.23128 0 2 tcp 1040 ------- 1 0.0 3.0 239 517
r 2.24128 2 3 tcp 1040 ------- 1 0.0 3.0 238 516
r 2.2496 2 3 tcp 1040 ------- 1 0.0 3.0 239 517
r 2.28024 0 2 tcp 1040 ------- 1 0.0 3.0 240 522
r 2.28856 0 2 tcp 1040 ------- 1 0.0 3.0 241 523
r 2.29688 0 2 tcp 1040 ------- 1 0.0 3.0 242 524
r 2.29856 2 3 tcp 1040 ------- 1 0.0 3.0 240 522
r 2.3052 0 2 tcp 1040 ------- 1 0.0 3.0 243 525
r 2.30688 2 3 tcp 1040 ------- 1 0.0 3.0 241 523
r 2.3152 2 3 tcp 1040 ------- 1 0.0 3.0 242 524
r 2.32352 2 3 tcp 1040 ------- 1 0.0 3.0 243 525
r 2.33752 0 2 tcp 1040 ------- 1 0.0 3.0 244 529
r 2.34584 0 2 tcp 1040 ------- 1 0.0 3.0 245 530
r 2.35416 0 2 tcp 1040 ------- 1 0.0 3.0 246 533
r 2.35584 2 3 tcp 1040 ------- 1 0.0 3.0 244 529
r 2.36248 0 2 tcp 1040 ------- 1 0.0 3.0 247 534
r 2.3708 0 2 tcp 1040 ------- 1 0.0 3.0 248 536
r 2.37248 2 3 tcp 1040 ------- 1 0.0 3.0 245 530
r 2.37912 0 2 tcp 1040 ------- 1 0.0 3.0 249 537
r 2.38744 0 2 tcp 1040 ------- 1 0.0 3.0 250 538
r 2.38912 2 3 tcp 1040 ------- 1 0.0 3.0 246 533
r 2.39576 0 2 tcp 1040 ------- 1 0.0 3.0 251 539
r 2.39744 2 3 tcp 1040 ------- 1 0.0 3.0 247 534
r 2.40408 0 2 tcp 1040 ------- 1 0.0 3.0 252 542
r 2.40576 2 3 tcp 1040 ------- 1 0.0 3.0 248 536
r 2.4124 0 2 tcp 1040 ------- 1 0.0 3.0 253 543
r 2.41408 2 3 tcp 1040 ------- 1 0.0 3.0 249 537
r 2.42072 0 2 tcp 1040 ------- 1 0.0 3.0 254 545
r 2.4224 2 3 tcp 1040 ------- 1 0.0 3.0 250 538
r 2.42904 0 2 tcp 1040 ------- 1 0.0 3.0 255 546
r 2.43072 2 3 tcp 1040 ------- 1 0.0 3.0 251 539
r 2.43736 0 2 tcp 1040 ------- 1 0.0 3.0 256 549
r 2.43904 2 3 tcp 1040 ------- 1 0.0 3.0 252 542
r 2.44568 0 2 tcp 1040 ------- 1 0.0 3.0 257 551
r 2.44736 2 3 tcp 1040 ------- 1 0.0 3.0 253 543
r 2.454 0 2 tcp 1040 ------- 1 0.0 3.0 258 554
r 2.45568 2 3 tcp 1040 ------- 1 0.0 3.0 254 545
r 2.46232 0 2 tcp 1040 ------- 1 0.0 3.0 259 556
r 2.464 2 3 tcp 1040 ------- 1 0.0 3.0 255 546
r 2.47064 0 2 tcp 1040 ------- 1 0.0 3.0 260 559
r 2.47232 2 3 tcp 1040 ------- 1 0.0 3.0 256 549
r 2.47896 0 2 tcp 1040 ------- 1 0.0 3.0 261 561
r 2.48064 2 3 tcp 1040 ------- 1 0.0 3.0 257 551
r 2.48728 0 2 tcp 1040 ------- 1 0.0 3.0 262 563
r 2.48896 2 3 tcp 1040 ------- 1 0.0 3.0 258 554
r 2.4956 0 2 tcp 1040 ------- 1 0.0 3.0 263 565
r 2.49728 2 3 tcp 1040 ------- 1 0.0 3.0 259 556
r 2.50392 0 2 tcp 1040 ------- 1 0.0 3.0 264 567
r 2.5056 2 3 tcp 1040 ------- 1 0.0 3.0 260 559
r 2.51224 0 2 tcp 1040 ------- 1 0.0 3.0 265 569
r 2.51392 2 3 tcp 1040 ------- 1 0.0 3.0 261 561
r 2.52056 0 2 tcp 1040 ------- 1 0.0 3.0 266 571
r 2.52224 2 3 tcp 1040 ------- 1 0.0 3.0 262 563
r 2.52888 0 2 tcp 1040 ------- 1 0.0 3.0 267 572
r 2.53056 2 3 tcp 1040 ------- 1 0.0 3.0 263 565
r 2.5372 0 2 tcp 1040 ------- 1 0.0 3.0 268 576
r 2.53888 2 3 tcp 1040 ------- 1 0.0 3.0 264 567
r 2.54552 0 2 tcp 1040 ------- 1 0.0 3.0 269 578
r 2.55384 0 2 tcp 1040 ------- 1 0.0 3.0 270 581
r 2.55552 2 3 tcp 1040 ------- 1 0.0 3.0 265 569
r 2.56216 0 2 tcp 1040 ------- 1 0.0 3.0 271 583
r 2.57048 0 2 tcp 1040 ------- 1 0.0 3.0 272 585
r 2.57216 2 3 tcp 1040 ------- 1 0.0 3.0 266 571
r 2.5788 0 2 tcp 1040 ------- 1 0.0 3.0 273 587
r 2.58712 0 2 tcp 1040 ------- 1 0.0 3.0 274 588
r 2.5888 2 3 tcp 1040 ------- 1 0.0 3.0 267 572
r 2.59544 0 2 tcp 1040 ------- 1 0.0 3.0 275 590
r 2.59712 2 3 tcp 1040 ------- 1 0.0 3.0 268 576
r 2.60376 0 2 tcp 1040 ------- 1 0.0 3.0 276 592
r 2.60544 2 3 tcp 1040 ------- 1 0.0 3.0 269 578
r 2.61208 0 2 tcp 1040 ------- 1 0.0 3.0 277 594
r 2.61376 2 3 tcp 1040 ------- 1 0.0 3.0 270 581
r 2.62208 2 3 tcp 1040 ------- 1 0.0 3.0 271 583
r 2.62776 0 2 tcp 1040 ------- 1 0.0 3.0 278 598
r 2.6304 2 3 tcp 1040 ------- 1 0.0 3.0 272 585
r 2.63608 0 2 tcp 1040 ------- 1 0.0 3.0 279 599
r 2.63872 2 3 tcp 1040 ------- 1 0.0 3.0 273 587
r 2.6444 0 2 tcp 1040 ------- 1 0.0 3.0 280 601
r 2.64704 2 3 tcp 1040 ------- 1 0.0 3.0 274 588
r 2.65272 0 2 tcp 1040 ------- 1 0.0 3.0 281 604
r 2.65536 2 3 tcp 1040 ------- 1 0.0 3.0 275 590
r 2.66104 0 2 tcp 1040 ------- 1 0.0 3.0 282 606
r 2.66368 2 3 tcp 1040 ------- 1 0.0 3.0 276 592
r 2.66936 0 2 tcp 1040 ------- 1 0.0 3.0 283 609
r 2.672 2 3 tcp 1040 ------- 1 0.0 3.0 277 594
r 2.67768 0 2 tcp 1040 ------- 1 0.0 3.0 284 611
r 2.68032 2 3 tcp 1040 ------- 1 0.0 3.0 278 598
r 2.686 0 2 tcp 1040 ------- 1 0.0 3.0 285 613
r 2.68864 2 3 tcp 1040 ------- 1 0.0 3.0 279 599
r 2.69432 0 2 tcp 1040 ------- 1 0.0 3.0 286 615
r 2.69696 2 3 tcp 1040 ------- 1 0.0 3.0 280 601
r 2.70264 0 2 tcp 1040 ------- 1 0.0 3.0 287 617
r 2.70528 2 3 tcp 1040 ------- 1 0.0 3.0 281 604
r 2.71096 0 2 tcp 1040 ------- 1 0.0 3.0 288 620
r 2.7136 2 3 tcp 1040 ------- 1 0.0 3.0 282 606
r 2.71928 0 2 tcp 1040 ------- 1 0.0 3.0 289 622
r 2.72192 2 3 tcp 1040 ------- 1 0.0 3.0 283 609
r 2.7276 0 2 tcp 1040 ------- 1 0.0 3.0 290 626
r 2.73024 2 3 tcp 1040 ------- 1 0.0 3.0 284 611
r 2.73592 0 2 tcp 1040 ------- 1 0.0 3.0 291 628
r 2.73856 2 3 tcp 1040 ------- 1 0.0 3.0 285 613
r 2.74424 0 2 tcp 1040 ------- 1 0.0 3.0 292 631
r 2.74688 2 3 tcp 1040 ------- 1 0.0 3.0 286 615
r 2.75256 0 2 tcp 1040 ------- 1 0.0 3.0 293 632
r 2.76088 0 2 tcp 1040 ------- 1 0.0 3.0 294 634
r 2.76352 2 3 tcp 1040 ------- 1 0.0 3.0 287 617
r 2.7692 0 2 tcp 1040 ------- 1 0.0 3.0 295 636
r 2.77184 2 3 tcp 1040 ------- 1 0.0 3.0 288 620
r 2.77752 0 2 tcp 1040 ------- 1 0.0 3.0 296 638
r 2.78584 0 2 tcp 1040 ------- 1 0.0 3.0 297 640
r 2.78848 2 3 tcp 1040 ------- 1 0.0 3.0 289 622
r 2.79416 0 2 tcp 1040 ------- 1 0.0 3.0 298 641
r 2.80248 0 2 tcp 1040 ------- 1 0.0 3.0 299 643
r 2.80512 2 3 tcp 1040 ------- 1 0.0 3.0 290 626
r 2.8108 0 2 tcp 1040 ------- 1 0.0 3.0 300 645
r 2.81912 0 2 tcp 1040 ------- 1 0.0 3.0 301 647
r 2.82176 2 3 tcp 1040 ------- 1 0.0 3.0 291 628
r 2.82744 0 2 tcp 1040 ------- 1 0.0 3.0 302 649
r 2.83008 2 3 tcp 1040 ------- 1 0.0 3.0 292 631
r 2.8384 2 3 tcp 1040 ------- 1 0.0 3.0 293 632
r 2.84408 0 2 tcp 1040 ------- 1 0.0 3.0 303 652
r 2.84672 2 3 tcp 1040 ------- 1 0.0 3.0 294 634
r 2.85504 2 3 tcp 1040 ------- 1 0.0 3.0 295 636
r 2.86072 0 2 tcp 1040 ------- 1 0.0 3.0 304 656
r 2.86336 2 3 tcp 1040 ------- 1 0.0 3.0 296 638
r 2.86904 0 2 tcp 1040 ------- 1 0.0 3.0 305 658
r 2.87168 2 3 tcp 1040 ------- 1 0.0 3.0 297 640
r 2.87736 0 2 tcp 1040 ------- 1 0.0 3.0 306 661
r 2.88 2 3 tcp 1040 ------- 1 0.0 3.0 298 641
r 2.88568 0 2 tcp 1040 ------- 1 0.0 3.0 307 662
r 2.88832 2 3 tcp 1040 ------- 1 0.0 3.0 299 643
r 2.894 0 2 tcp 1040 ------- 1 0.0 3.0 308 664
r 2.89664 2 3 tcp 1040 ------- 1 0.0 3.0 300 645
r 2.90232 0 2 tcp 1040 ------- 1 0.0 3.0 309 667
r 2.90496 2 3 tcp 1040 ------- 1 0.0 3.0 301 647
r 2.91064 0 2 tcp 1040 ------- 1 0.0 3.0 310 669
r 2.91328 2 3 tcp 1040 ------- 1 0.0 3.0 302 649
r 2.91896 0 2 tcp 1040 ------- 1 0.0 3.0 311 672
r 2.9216 2 3 tcp 1040 ------- 1 0.0 3.0 303 652
r 2.92728 0 2 tcp 1040 ------- 1 0.0 3.0 312 674
r 2.92992 2 3 tcp 1040 ------- 1 0.0 3.0 304 656
r 2.9356 0 2 tcp 1040 ------- 1 0.0 3.0 313 676
r 2.93824 2 3 tcp 1040 ------- 1 0.0 3.0 305 658
r 2.94392 0 2 tcp 1040 ------- 1 0.0 3.0 314 679
r 2.94656 2 3 tcp 1040 ------- 1 0.0 3.0 306 661
r 2.95224 0 2 tcp 1040 ------- 1 0.0 3.0 315 681
r 2.95488 2 3 tcp 1040 ------- 1 0.0 3.0 307 662
r 2.96056 0 2 tcp 1040 ------- 1 0.0 3.0 316 684
r 2.9632 2 3 tcp 1040 ------- 1 0.0 3.0 308 664
r 2.96888 0 2 tcp 1040 ------- 1 0.0 3.0 317 686
r 2.97152 2 3 tcp 1040 ------- 1 0.0 3.0 309 667
r 2.9772 0 2 tcp 1040 ------- 1 0.0 3.0 318 690
r 2.98552 0 2 tcp 1040 ------- 1 0.0 3.0 319 692
r 2.98816 2 3 tcp 1040 ------- 1 0.0 3.0 310 669
r 2.99384 0 2 tcp 1040 ------- 1 0.0 3.0 320 694
r 2.99648 2 3 tcp 1040 ------- 1 0.0 3.0 311 672
r 3.00216 0 2 tcp 1040 ------- 1 0.0 3.0 321 696
r 3.0048 2 3 tcp 1040 ------- 1 0.0 3.0 312 674
r 3.01048 0 2 tcp 1040 ------- 1 0.0 3.0 322 697
r 3.0188 0 2 tcp 1040 ------- 1 0.0 3.0 323 698
r 3.02144 2 3 tcp 1040 ------- 1 0.0 3.0 313 676
r 3.02712 0 2 tcp 1040 ------- 1 0.0 3.0 324 700
r 3.02976 2 3 tcp 1040 ------- 1 0.0 3.0 314 679
r 3.03544 0 2 tcp 1040 ------- 1 0.0 3.0 325 703
r 3.03808 2 3 tcp 1040 ------- 1 0.0 3.0 315 681
r 3.04376 0 2 tcp 1040 ------- 1 0.0 3.0 326 704
r 3.0464 2 3 tcp 1040 ------- 1 0.0 3.0 316 684
r 3.05208 0 2 tcp 1040 ------- 1 0.0 3.0 327 706
r 3.05472 2 3 tcp 1040 ------- 1 0.0 3.0 317 686
r 3.0604 0 2 tcp 1040 ------- 1 0.0 3.0 328 710
r 3.06304 2 3 tcp 1040 ------- 1 0.0 3.0 318 690
r 3.06872 0 2 tcp 1040 ------- 1 0.0 3.0 329 712
r 3.07136 2 3 tcp 1040 ------- 1 0.0 3.0 319 692
r 3.07704 0 2 tcp 1040 ------- 1 0.0 3.0 330 714
r 3.07968 2 3 tcp 1040 ------- 1 0.0 3.0 320 694
r 3.08536 0 2 tcp 1040 ------- 1 0.0 3.0 331 716
r 3.088 2 3 tcp 1040 ------- 1 0.0 3.0 321 696
r 3.09368 0 2 tcp 1040 ------- 1 0.0 3.0 332 719
r 3.09632 2 3 tcp 1040 ------- 1 0.0 3.0 322 697
r 3.102 0 2 tcp 1040 ------- 1 0.0 3.0 333 721
r 3.10464 2 3 tcp 1040 ------- 1 0.0 3.0 323 698
r 3.11032 0 2 tcp 1040 ------- 1 0.0 3.0 334 723
r 3.11296 2 3 tcp 1040 ------- 1 0.0 3.0 324 700
r 3.11864 0 2 tcp 1040 ------- 1 0.0 3.0 335 725
r 3.12128 2 3 tcp 1040 ------- 1 0.0 3.0 325 703
r 3.12696 0 2 tcp 1040 ------- 1 0.0 3.0 336 727
r 3.1296 2 3 tcp 1040 ------- 1 0.0 3.0 326 704
r 3.13528 0 2 tcp 1040 ------- 1 0.0 3.0 337 730
r 3.13792 2 3 tcp 1040 ------- 1 0.0 3.0 327 706
r 3.1436 0 2 tcp 1040 ------- 1 0.0 3.0 338 732
r 3.14624 2 3 tcp 1040 ------- 1 0.0 3.0 328 710
r 3.15192 0 2 tcp 1040 ------- 1 0.0 3.0 339 733
r 3.15456 2 3 tcp 1040 ------- 1 0.0 3.0 329 712
r 3.16024 0 2 tcp 1040 ------- 1 0.0 3.0 340 735
r 3.16288 2 3 tcp 1040 ------- 1 0.0 3.0 330 714
r 3.16856 0 2 tcp 1040 ------- 1 0.0 3.0 341 737
r 3.1712 2 3 tcp 1040 ------- 1 0.0 3.0 331 716
r 3.17688 0 2 tcp 1040 ------- 1 0.0 3.0 342 740
r 3.17952 2 3 tcp 1040 ------- 1 0.0 3.0 332 719
r 3.1852 0 2 tcp 1040 ------- 1 0.0 3.0 343 742
r 3.18784 2 3 tcp 1040 ------- 1 0.0 3.0 333 721
r 3.19352 0 2 tcp 1040 ------- 1 0.0 3.0 344 744
r 3.19616 2 3 tcp 1040 ------- 1 0.0 3.0 334 723
r 3.20184 0 2 tcp 1040 ------- 1 0.0 3.0 345 746
r 3.20448 2 3 tcp 1040 ------- 1 0.0 3.0 335 725
r 3.21016 0 2 tcp 1040 ------- 1 0.0 3.0 346 748
r 3.2128 2 3 tcp 1040 ------- 1 0.0 3.0 336 727
r 3.21848 0 2 tcp 1040 ------- 1 0.0 3.0 347 750
r 3.22112 2 3 tcp 1040 ------- 1 0.0 3.0 337 730
r 3.2268 0 2 tcp 1040 ------- 1 0.0 3.0 348 752
r 3.22944 2 3 tcp 1040 ------- 1 0.0 3.0 338 732
r 3.23512 0 2 tcp 1040 ------- 1 0.0 3.0 349 754
r 3.23776 2 3 tcp 1040 ------- 1 0.0 3.0 339 733
r 3.24344 0 2 tcp 1040 ------- 1 0.0 3.0 350 756
r 3.24608 2 3 tcp 1040 ------- 1 0.0 3.0 340 735
r 3.25176 0 2 tcp 1040 ------- 1 0.0 3.0 351 758
r 3.2544 2 3 tcp 1040 ------- 1 0.0 3.0 341 737
r 3.26008 0 2 tcp 1040 ------- 1 0.0 3.0 352 760
r 3.26272 2 3 tcp 1040 ------- 1 0.0 3.0 342 740
r 3.2684 0 2 tcp 1040 ------- 1 0.0 3.0 353 762
r 3.27104 2 3 tcp 1040 ------- 1 0.0 3.0 343 742
r 3.27672 0 2 tcp 1040 ------- 1 0.0 3.0 354 764
r 3.27936 2 3 tcp 1040 ------- 1 0.0 3.0 344 744
r 3.28504 0 2 tcp 1040 ------- 1 0.0 3.0 355 766
r 3.28768 2 3 tcp 1040 ------- 1 0.0 3.0 345 746
r 3.29336 0 2 tcp 1040 ------- 1 0.0 3.0 356 768
r 3.296 2 3 tcp 1040 ------- 1 0.0 3.0 346 748
r 3.30168 0 2 tcp 1040 ------- 1 0.0 3.0 357 769
r 3.30432 2 3 tcp 1040 ------- 1 0.0 3.0 347 750
r 3.31 0 2 tcp 1040 ------- 1 0.0 3.0 358 771
r 3.31264 2 3 tcp 1040 ------- 1 0.0 3.0 348 752
r 3.31832 0 2 tcp 1040 ------- 1 0.0 3.0 359 773
r 3.32096 2 3 tcp 1040 ------- 1 0.0 3.0 349 754
r 3.32664 0 2 tcp 1040 ------- 1 0.0 3.0 360 775
r 3.32928 2 3 tcp 1040 ------- 1 0.0 3.0 350 756
r 3.33496 0 2 tcp 1040 ------- 1 0.0 3.0 361 777
r 3.3376 2 3 tcp 1040 ------- 1 0.0 3.0 351 758
r 3.34328 0 2 tcp 1040 ------- 1 0.0 3.0 362 779
r 3.34592 2 3 tcp 1040 ------- 1 0.0 3.0 352 760
r 3.3516 0 2 tcp 1040 ------- 1 0.0 3.0 363 781
r 3.35424 2 3 tcp 1040 ------- 1 0.0 3.0 353 762
r 3.35992 0 2 tcp 1040 ------- 1 0.0 3.0 364 783
r 3.36256 2 3 tcp 1040 ------- 1 0.0 3.0 354 764
r 3.36824 0 2 tcp 1040 ------- 1 0.0 3.0 365 785
r 3.37088 2 3 tcp 1040 ------- 1 0.0 3.0 355 766
r 3.37656 0 2 tcp 1040 ------- 1 0.0 3.0 366 787
r 3.3792 2 3 tcp 1040 ------- 1 0.0 3.0 356 768
r 3.38488 0 2 tcp 1040 ------- 1 0.0 3.0 367 789
r 3.38752 2 3 tcp 1040 ------- 1 0.0 3.0 357 769
r 3.3932 0 2 tcp 1040 ------- 1 0.0 3.0 368 791
r 3.39584 2 3 tcp 1040 ------- 1 0.0 3.0 358 771
r 3.40152 0 2 tcp 1040 ------- 1 0.0 3.0 369 793
r 3.40416 2 3 tcp 1040 ------- 1 0.0 3.0 359 773
r 3.40984 0 2 tcp 1040 ------- 1 0.0 3.0 370 795
r 3.41248 2 3 tcp 1040 ------- 1 0.0 3.0 360 775
r 3.41816 0 2 tcp 1040 ------- 1 0.0 3.0 371 797
r 3.4208 2 3 tcp 1040 ------- 1 0.0 3.0 361 777
r 3.42648 0 2 tcp 1040 ------- 1 0.0 3.0 372 799
r 3.42912 2 3 tcp 1040 ------- 1 0.0 3.0 362 779
r 3.4348 0 2 tcp 1040 ------- 1 0.0 3.0 373 801
r 3.43744 2 3 tcp 1040 ------- 1 0.0 3.0 363 781
r 3.44312 0 2 tcp 1040 ------- 1 0.0 3.0 374 803
r 3.44576 2 3 tcp 1040 ------- 1 0.0 3.0 364 783
r 3.45144 0 2 tcp 1040 ------- 1 0.0 3.0 375 804
r 3.45408 2 3 tcp 1040 ------- 1 0.0 3.0 365 785
r 3.45976 0 2 tcp 1040 ------- 1 0.0 3.0 376 806
r 3.4624 2 3 tcp 1040 ------- 1 0.0 3.0 366 787
r 3.46808 0 2 tcp 1040 ------- 1 0.0 3.0 377 808
r 3.47072 2 3 tcp 1040 ------- 1 0.0 3.0 367 789
r 3.4764 0 2 tcp 1040 ------- 1 0.0 3.0 378 810
r 3.47904 2 3 tcp 1040 ------- 1 0.0 3.0 368 791
r 3.48472 0 2 tcp 1040 ------- 1 0.0 3.0 379 812
r 3.48736 2 3 tcp 1040 ------- 1 0.0 3.0 369 793
r 3.49304 0 2 tcp 1040 ------- 1 0.0 3.0 380 814
r 3.49568 2 3 tcp 1040 ------- 1 0.0 3.0 370 795
r 3.50136 0 2 tcp 1040 ------- 1 0.0 3.0 381 816
r 3.504 2 3 tcp 1040 ------- 1 0.0 3.0 371 797
r 3.50968 0 2 tcp 1040 ------- 1 0.0 3.0 382 818
r 3.51232 2 3 tcp 1040 ------- 1 0.0 3.0 372 799
r 3.518 0 2 tcp 1040 ------- 1 0.0 3.0 383 820
r 3.52064 2 3 tcp 1040 ------- 1 0.0 3.0 373 801
r 3.52632 0 2 tcp 1040 ------- 1 0.0 3.0 384 822
r 3.52896 2 3 tcp 1040 ------- 1 0.0 3.0 374 803
r 3.53464 0 2 tcp 1040 ------- 1 0.0 3.0 385 824
r 3.53728 2 3 tcp 1040 ------- 1 0.0 3.0 375 804
r 3.54296 0 2 tcp 1040 ------- 1 0.0 3.0 386 826
r 3.5456 2 3 tcp 1040 ------- 1 0.0 3.0 376 806
r 3.55128 0 2 tcp 1040 ------- 1 0.0 3.0 387 828
r 3.55392 2 3 tcp 1040 ------- 1 0.0 3.0 377 808
r 3.5596 0 2 tcp 1040 ------- 1 0.0 3.0 388 830
r 3.56224 2 3 tcp 1040 ------- 1 0.0 3.0 378 810
r 3.56792 0 2 tcp 1040 ------- 1 0.0 3.0 389 832
r 3.57056 2 3 tcp 1040 ------- 1 0.0 3.0 379 812
r 3.57624 0 2 tcp 1040 ------- 1 0.0 3.0 390 834
r 3.57888 2 3 tcp 1040 ------- 1 0.0 3.0 380 814
r 3.58456 0 2 tcp 1040 ------- 1 0.0 3.0 391 836
r 3.5872 2 3 tcp 1040 ------- 1 0.0 3.0 381 816
r 3.59288 0 2 tcp 1040 ------- 1 0.0 3.0 392 838
r 3.59552 2 3 tcp 1040 ------- 1 0.0 3.0 382 818
r 3.6012 0 2 tcp 1040 ------- 1 0.0 3.0 393 840
r 3.60384 2 3 tcp 1040 ------- 1 0.0 3.0 383 820
r 3.60952 0 2 tcp 1040 ------- 1 0.0 3.0 394 843
r 3.61216 2 3 tcp 1040 ------- 1 0.0 3.0 384 822
r 3.61784 0 2 tcp 1040 ------- 1 0.0 3.0 395 844
r 3.62048 2 3 tcp 1040 ------- 1 0.0 3.0 385 824
r 3.62616 0 2 tcp 1040 ------- 1 0.0 3.0 396 846
r 3.6288 2 3 tcp 1040 ------- 1 0.0 3.0 386 826
r 3.63448 0 2 tcp 1040 ------- 1 0.0 3.0 397 848
r 3.63712 2 3 tcp 1040 ------- 1 0.0 3.0 387 828
r 3.6428 0 2 tcp 1040 ------- 1 0.0 3.0 398 850
r 3.64544 2 3 tcp 1040 ------- 1 0.0 3.0 388 830
r 3.65112 0 2 tcp 1040 ------- 1 0.0 3.0 399 852
r 3.65376 2 3 tcp 1040 ------- 1 0.0 3.0 389 832
r 3.65944 0 2 tcp 1040 ------- 1 0.0 3.0 400 854
r 3.66208 2 3 tcp 1040 ------- 1 0.0 3.0 390 834
r 3.66776 0 2 tcp 1040 ------- 1 0.0 3.0 401 856
r 3.67608 0 2 tcp 1040 ------- 1 0.0 3.0 402 858
r 3.67872 2 3 tcp 1040 ------- 1 0.0 3.0 392 838
r 3.6844 0 2 tcp 1040 ------- 1 0.0 3.0 403 860
r 3.68704 2 3 tcp 1040 ------- 1 0.0 3.0 393 840
r 3.69272 0 2 tcp 1040 ------- 1 0.0 3.0 404 862
r 3.69536 2 3 tcp 1040 ------- 1 0.0 3.0 394 843
r 3.70104 0 2 tcp 1040 ------- 1 0.0 3.0 405 864
r 3.70368 2 3 tcp 1040 ------- 1 0.0 3.0 395 844
r 3.70936 0 2 tcp 1040 ------- 1 0.0 3.0 406 866
r 3.712 2 3 tcp 1040 ------- 1 0.0 3.0 396 846
r 3.71768 0 2 tcp 1040 ------- 1 0.0 3.0 407 868
r 3.72032 2 3 tcp 1040 ------- 1 0.0 3.0 397 848
r 3.726 0 2 tcp 1040 ------- 1 0.0 3.0 408 869
r 3.72864 2 3 tcp 1040 ------- 1 0.0 3.0 398 850
r 3.73432 0 2 tcp 1040 ------- 1 0.0 3.0 409 871
r 3.73696 2 3 tcp 1040 ------- 1 0.0 3.0 399 852
r 3.74264 0 2 tcp 1040 ------- 1 0.0 3.0 410 874
r 3.74528 2 3 tcp 1040 ------- 1 0.0 3.0 400 854
r 3.75096 0 2 tcp 1040 ---A--- 1 0.0 3.0 391 877
r 3.7536 2 3 tcp 1040 ------- 1 0.0 3.0 401 856
r 3.76192 2 3 tcp 1040 ------- 1 0.0 3.0 402 858
r 3.77024 2 3 tcp 1040 ------- 1 0.0 3.0 403 860
r 3.77856 2 3 tcp 1040 ------- 1 0.0 3.0 404 862
r 3.78688 2 3 tcp 1040 ------- 1 0.0 3.0 405 864
r 3.7952 2 3 tcp 1040 ------- 1 0.0 3.0 406 866
r 3.80352 2 3 tcp 1040 ------- 1 0.0 3.0 407 868
r 3.81184 2 3 tcp 1040 ------- 1 0.0 3.0 408 869
r 3.82016 2 3 tcp 1040 ------- 1 0.0 3.0 409 871
r 3.82848 2 3 tcp 1040 ------- 1 0.0 3.0 410 874
r 3.8368 2 3 tcp 1040 ---A--- 1 0.0 3.0 391 877
r 3.87576 0 2 tcp 1040 ------- 1 0.0 3.0 411 896
r 3.88408 0 2 tcp 1040 ------- 1 0.0 3.0 412 897
r 3.89408 2 3 tcp 1040 ------- 1 0.0 3.0 411 896
r 3.9024 2 3 tcp 1040 ------- 1 0.0 3.0 412 897
r 3.93304 0 2 tcp 1040 ------- 1 0.0 3.0 413 902
r 3.94136 0 2 tcp 1040 ------- 1 0.0 3.0 414 903
r 3.94968 0 2 tcp 1040 ------- 1 0.0 3.0 415 904
r 3.95136 2 3 tcp 1040 ------- 1 0.0 3.0 413 902
r 3.958 0 2 tcp 1040 ------- 1 0.0 3.0 416 905
r 3.95968 2 3 tcp 1040 ------- 1 0.0 3.0 414 903
r 3.968 2 3 tcp 1040 ------- 1 0.0 3.0 415 904
r 3.97632 2 3 tcp 1040 ------- 1 0.0 3.0 416 905
r 3.99032 0 2 tcp 1040 ------- 1 0.0 3.0 417 909
r 3.99864 0 2 tcp 1040 ------- 1 0.0 3.0 418 910
r 4.00696 0 2 tcp 1040 ------- 1 0.0 3.0 419 913
r 4.00864 2 3 tcp 1040 ------- 1 0.0 3.0 417 909
r 4.01528 0 2 tcp 1040 ------- 1 0.0 3.0 420 914
r 4.0236 0 2 tcp 1040 ------- 1 0.0 3.0 421 916
r 4.02528 2 3 tcp 1040 ------- 1 0.0 3.0 418 910
r 4.03192 0 2 tcp 1040 ------- 1 0.0 3.0 422 917
r 4.04024 0 2 tcp 1040 ------- 1 0.0 3.0 423 918
r 4.04192 2 3 tcp 1040 ------- 1 0.0 3.0 419 913
r 4.04856 0 2 tcp 1040 ------- 1 0.0 3.0 424 919
r 4.05024 2 3 tcp 1040 ------- 1 0.0 3.0 420 914
r 4.05688 0 2 tcp 1040 ------- 1 0.0 3.0 425 922
r 4.05856 2 3 tcp 1040 ------- 1 0.0 3.0 421 916
r 4.0652 0 2 tcp 1040 ------- 1 0.0 3.0 426 923
r 4.06688 2 3 tcp 1040 ------- 1 0.0 3.0 422 917
r 4.07352 0 2 tcp 1040 ------- 1 0.0 3.0 427 925
r 4.0752 2 3 tcp 1040 ------- 1 0.0 3.0 423 918
r 4.08184 0 2 tcp 1040 ------- 1 0.0 3.0 428 928
r 4.08352 2 3 tcp 1040 ------- 1 0.0 3.0 424 919
r 4.09016 0 2 tcp 1040 ------- 1 0.0 3.0 429 930
r 4.09184 2 3 tcp 1040 ------- 1 0.0 3.0 425 922
r 4.09848 0 2 tcp 1040 ------- 1 0.0 3.0 430 933
r 4.10016 2 3 tcp 1040 ------- 1 0.0 3.0 426 923
r 4.1068 0 2 tcp 1040 ------- 1 0.0 3.0 431 935
r 4.10848 2 3 tcp 1040 ------- 1 0.0 3.0 427 925
r 4.11512 0 2 tcp 1040 ------- 1 0.0 3.0 432 938
r 4.1168 2 3 tcp 1040 ------- 1 0.0 3.0 428 928
r 4.12344 0 2 tcp 1040 ------- 1 0.0 3.0 433 940
r 4.12512 2 3 tcp 1040 ------- 1 0.0 3.0 429 930
r 4.13176 0 2 tcp 1040 ------- 1 0.0 3.0 434 942
r 4.13344 2 3 tcp 1040 ------- 1 0.0 3.0 430 933
r 4.14008 0 2 tcp 1040 ------- 1 0.0 3.0 435 944
r 4.14176 2 3 tcp 1040 ------- 1 0.0 3.0 431 935
r 4.1484 0 2 tcp 1040 ------- 1 0.0 3.0 436 946
r 4.15008 2 3 tcp 1040 ------- 1 0.0 3.0 432 938
r 4.15672 0 2 tcp 1040 ------- 1 0.0 3.0 437 947
r 4.1584 2 3 tcp 1040 ------- 1 0.0 3.0 433 940
r 4.16504 0 2 tcp 1040 ------- 1 0.0 3.0 438 949
r 4.16672 2 3 tcp 1040 ------- 1 0.0 3.0 434 942
r 4.17336 0 2 tcp 1040 ------- 1 0.0 3.0 439 951
r 4.17504 2 3 tcp 1040 ------- 1 0.0 3.0 435 944
r 4.18168 0 2 tcp 1040 ------- 1 0.0 3.0 440 955
r 4.18336 2 3 tcp 1040 ------- 1 0.0 3.0 436 946
r 4.19 0 2 tcp 1040 ------- 1 0.0 3.0 441 957
r 4.19168 2 3 tcp 1040 ------- 1 0.0 3.0 437 947
r 4.19832 0 2 tcp 1040 ------- 1 0.0 3.0 442 960
r 4.20664 0 2 tcp 1040 ------- 1 0.0 3.0 443 962
r 4.20832 2 3 tcp 1040 ------- 1 0.0 3.0 438 949
r 4.21496 0 2 tcp 1040 ------- 1 0.0 3.0 444 964
r 4.22328 0 2 tcp 1040 ------- 1 0.0 3.0 445 966
r 4.22496 2 3 tcp 1040 ------- 1 0.0 3.0 439 951
r 4.2316 0 2 tcp 1040 ------- 1 0.0 3.0 446 967
r 4.23992 0 2 tcp 1040 ------- 1 0.0 3.0 447 969
r 4.2416 2 3 tcp 1040 ------- 1 0.0 3.0 440 955
r 4.24824 0 2 tcp 1040 ------- 1 0.0 3.0 448 970
r 4.24992 2 3 tcp 1040 ------- 1 0.0 3.0 441 957
r 4.25656 0 2 tcp 1040 ------- 1 0.0 3.0 449 972
r 4.25824 2 3 tcp 1040 ------- 1 0.0 3.0 442 960
r 4.26488 0 2 tcp 1040 ------- 1 0.0 3.0 450 974
r 4.26656 2 3 tcp 1040 ------- 1 0.0 3.0 443 962
r 4.27488 2 3 tcp 1040 ------- 1 0.0 3.0 444 964
r 4.28056 0 2 tcp 1040 ------- 1 0.0 3.0 451 978
r 4.2832 2 3 tcp 1040 ------- 1 0.0 3.0 445 966
r 4.28888 0 2 tcp 1040 ------- 1 0.0 3.0 452 980
r 4.29152 2 3 tcp 1040 ------- 1 0.0 3.0 446 967
r 4.2972 0 2 tcp 1040 ------- 1 0.0 3.0 453 983
r 4.29984 2 3 tcp 1040 ------- 1 0.0 3.0 447 969
r 4.30552 0 2 tcp 1040 ------- 1 0.0 3.0 454 985
r 4.30816 2 3 tcp 1040 ------- 1 0.0 3.0 448 970
r 4.31384 0 2 tcp 1040 ------- 1 0.0 3.0 455 988
r 4.31648 2 3 tcp 1040 ------- 1 0.0 3.0 449 972
r 4.32216 0 2 tcp 1040 ------- 1 0.0 3.0 456 990
r 4.3248 2 3 tcp 1040 ------- 1 0.0 3.0 450 974
r 4.33048 0 2 tcp 1040 ------- 1 0.0 3.0 457 992
r 4.33312 2 3 tcp 1040 ------- 1 0.0 3.0 451 978
r 4.3388 0 2 tcp 1040 ------- 1 0.0 3.0 458 994
r 4.34144 2 3 tcp 1040 ------- 1 0.0 3.0 452 980
r 4.34712 0 2 tcp 1040 ------- 1 0.0 3.0 459 996
r 4.34976 2 3 tcp 1040 ------- 1 0.0 3.0 453 983
r 4.35544 0 2 tcp 1040 ------- 1 0.0 3.0 460 999
r 4.35808 2 3 tcp 1040 ------- 1 0.0 3.0 454 985
r 4.36376 0 2 tcp 1040 ------- 1 0.0 3.0 461 1000
r 4.3664 2 3 tcp 1040 ------- 1 0.0 3.0 455 988
r 4.37208 0 2 tcp 1040 ------- 1 0.0 3.0 462 1002
r 4.37472 2 3 tcp 1040 ------- 1 0.0 3.0 456 990
r 4.3804 0 2 tcp 1040 ------- 1 0.0 3.0 463 1006
r 4.38304 2 3 tcp 1040 ------- 1 0.0 3.0 457 992
r 4.38872 0 2 tcp 1040 ------- 1 0.0 3.0 464 1008
r 4.39136 2 3 tcp 1040 ------- 1 0.0 3.0 458 994
r 4.39704 0 2 tcp 1040 ------- 1 0.0 3.0 465 1011
r 4.39968 2 3 tcp 1040 ------- 1 0.0 3.0 459 996
r 4.40536 0 2 tcp 1040 ------- 1 0.0 3.0 466 1013
r 4.41368 0 2 tcp 1040 ------- 1 0.0 3.0 467 1015
r 4.41632 2 3 tcp 1040 ------- 1 0.0 3.0 460 999
r 4.422 0 2 tcp 1040 ------- 1 0.0 3.0 468 1017
r 4.42464 2 3 tcp 1040 ------- 1 0.0 3.0 461 1000
r 4.43032 0 2 tcp 1040 ------- 1 0.0 3.0 469 1019
r 4.43864 0 2 tcp 1040 ------- 1 0.0 3.0 470 1020
r 4.44128 2 3 tcp 1040 ------- 1 0.0 3.0 462 1002
r 4.44696 0 2 tcp 1040 ------- 1 0.0 3.0 471 1022
r 4.45528 0 2 tcp 1040 ------- 1 0.0 3.0 472 1024
r 4.45792 2 3 tcp 1040 ------- 1 0.0 3.0 463 1006
r 4.4636 0 2 tcp 1040 ------- 1 0.0 3.0 473 1026
r 4.47192 0 2 tcp 1040 ------- 1 0.0 3.0 474 1027
r 4.47456 2 3 tcp 1040 ------- 1 0.0 3.0 464 1008
r 4.48024 0 2 tcp 1040 ------- 1 0.0 3.0 475 1029
r 4.48288 2 3 tcp 1040 ------- 1 0.0 3.0 465 1011
r 4.4912 2 3 tcp 1040 ------- 1 0.0 3.0 466 1013
r 4.49688 0 2 tcp 1040 ------- 1 0.0 3.0 476 1032
r 4.49952 2 3 tcp 1040 ------- 1 0.0 3.0 467 1015
r 4.50784 2 3 tcp 1040 ------- 1 0.0 3.0 468 1017
r 4.51352 0 2 tcp 1040 ------- 1 0.0 3.0 477 1036
r 4.51616 2 3 tcp 1040 ------- 1 0.0 3.0 469 1019
r 4.52184 0 2 tcp 1040 ------- 1 0.0 3.0 478 1038
r 4.52448 2 3 tcp 1040 ------- 1 0.0 3.0 470 1020
r 4.53016 0 2 tcp 1040 ------- 1 0.0 3.0 479 1041
r 4.5328 2 3 tcp 1040 ------- 1 0.0 3.0 471 1022
r 4.53848 0 2 tcp 1040 ------- 1 0.0 3.0 480 1043
r 4.54112 2 3 tcp 1040 ------- 1 0.0 3.0 472 1024
r 4.5468 0 2 tcp 1040 ------- 1 0.0 3.0 481 1046
r 4.54944 2 3 tcp 1040 ------- 1 0.0 3.0 473 1026
r 4.55512 0 2 tcp 1040 ------- 1 0.0 3.0 482 1048
r 4.55776 2 3 tcp 1040 ------- 1 0.0 3.0 474 1027
r 4.56344 0 2 tcp 1040 ------- 1 0.0 3.0 483 1051
r 4.56608 2 3 tcp 1040 ------- 1 0.0 3.0 475 1029
r 4.57176 0 2 tcp 1040 ------- 1 0.0 3.0 484 1053
r 4.5744 2 3 tcp 1040 ------- 1 0.0 3.0 476 1032
r 4.58008 0 2 tcp 1040 ------- 1 0.0 3.0 485 1055
r 4.58272 2 3 tcp 1040 ------- 1 0.0 3.0 477 1036
r 4.5884 0 2 tcp 1040 ------- 1 0.0 3.0 486 1058
r 4.59104 2 3 tcp 1040 ------- 1 0.0 3.0 478 1038
r 4.59672 0 2 tcp 1040 ------- 1 0.0 3.0 487 1060
r 4.59936 2 3 tcp 1040 ------- 1 0.0 3.0 479 1041
r 4.60504 0 2 tcp 1040 ------- 1 0.0 3.0 488 1063
r 4.60768 2 3 tcp 1040 ------- 1 0.0 3.0 480 1043
r 4.61336 0 2 tcp 1040 ------- 1 0.0 3.0 489 1064
r 4.616 2 3 tcp 1040 ------- 1 0.0 3.0 481 1046
r 4.62168 0 2 tcp 1040 ------- 1 0.0 3.0 490 1066
r 4.62432 2 3 tcp 1040 ------- 1 0.0 3.0 482 1048
r 4.63 0 2 tcp 1040 ------- 1 0.0 3.0 491 1070
r 4.63832 0 2 tcp 1040 ------- 1 0.0 3.0 492 1072
r 4.64096 2 3 tcp 1040 ------- 1 0.0 3.0 483 1051
r 4.64664 0 2 tcp 1040 ------- 1 0.0 3.0 493 1074
r 4.64928 2 3 tcp 1040 ------- 1 0.0 3.0 484 1053
r 4.65496 0 2 tcp 1040 ------- 1 0.0 3.0 494 1076
r 4.6576 2 3 tcp 1040 ------- 1 0.0 3.0 485 1055
r 4.66328 0 2 tcp 1040 ------- 1 0.0 3.0 495 1077
r 4.6716 0 2 tcp 1040 ------- 1 0.0 3.0 496 1079
r 4.67424 2 3 tcp 1040 ------- 1 0.0 3.0 486 1058
r 4.67992 0 2 tcp 1040 ------- 1 0.0 3.0 497 1082
r 4.68256 2 3 tcp 1040 ------- 1 0.0 3.0 487 1060
r 4.68824 0 2 tcp 1040 ------- 1 0.0 3.0 498 1083
r 4.69088 2 3 tcp 1040 ------- 1 0.0 3.0 488 1063
r 4.69656 0 2 tcp 1040 ------- 1 0.0 3.0 499 1085
r 4.6992 2 3 tcp 1040 ------- 1 0.0 3.0 489 1064
r 4.70752 2 3 tcp 1040 ------- 1 0.0 3.0 490 1066
r 4.7132 0 2 tcp 1040 ------- 1 0.0 3.0 500 1089
r 4.71584 2 3 tcp 1040 ------- 1 0.0 3.0 491 1070
r 4.72152 0 2 tcp 1040 ------- 1 0.0 3.0 501 1091
r 4.72416 2 3 tcp 1040 ------- 1 0.0 3.0 492 1072
r 4.72984 0 2 tcp 1040 ------- 1 0.0 3.0 502 1093
r 4.73248 2 3 tcp 1040 ------- 1 0.0 3.0 493 1074
r 4.73816 0 2 tcp 1040 ------- 1 0.0 3.0 503 1095
r 4.7408 2 3 tcp 1040 ------- 1 0.0 3.0 494 1076
r 4.74648 0 2 tcp 1040 ------- 1 0.0 3.0 504 1096
r 4.74912 2 3 tcp 1040 ------- 1 0.0 3.0 495 1077
r 4.7548 0 2 tcp 1040 ------- 1 0.0 3.0 505 1099
r 4.75744 2 3 tcp 1040 ------- 1 0.0 3.0 496 1079
r 4.76312 0 2 tcp 1040 ------- 1 0.0 3.0 506 1101
r 4.76576 2 3 tcp 1040 ------- 1 0.0 3.0 497 1082
r 4.77144 0 2 tcp 1040 ------- 1 0.0 3.0 507 1103
r 4.77408 2 3 tcp 1040 ------- 1 0.0 3.0 498 1083
r 4.77976 0 2 tcp 1040 ------- 1 0.0 3.0 508 1105
r 4.7824 2 3 tcp 1040 ------- 1 0.0 3.0 499 1085
r 4.78808 0 2 tcp 1040 ------- 1 0.0 3.0 509 1107
r 4.79072 2 3 tcp 1040 ------- 1 0.0 3.0 500 1089
r 4.7964 0 2 tcp 1040 ------- 1 0.0 3.0 510 1110
r 4.79904 2 3 tcp 1040 ------- 1 0.0 3.0 501 1091
r 4.80472 0 2 tcp 1040 ------- 1 0.0 3.0 511 1112
r 4.80736 2 3 tcp 1040 ------- 1 0.0 3.0 502 1093
r 4.81304 0 2 tcp 1040 ------- 1 0.0 3.0 512 1114
r 4.81568 2 3 tcp 1040 ------- 1 0.0 3.0 503 1095
r 4.82136 0 2 tcp 1040 ------- 1 0.0 3.0 513 1116
r 4.824 2 3 tcp 1040 ------- 1 0.0 3.0 504 1096
r 4.82968 0 2 tcp 1040 ------- 1 0.0 3.0 514 1119
r 4.83232 2 3 tcp 1040 ------- 1 0.0 3.0 505 1099
r 4.838 0 2 tcp 1040 ------- 1 0.0 3.0 515 1121
r 4.84064 2 3 tcp 1040 ------- 1 0.0 3.0 506 1101
r 4.84632 0 2 tcp 1040 ------- 1 0.0 3.0 516 1123
r 4.84896 2 3 tcp 1040 ------- 1 0.0 3.0 507 1103
r 4.85464 0 2 tcp 1040 ------- 1 0.0 3.0 517 1125
r 4.85728 2 3 tcp 1040 ------- 1 0.0 3.0 508 1105
r 4.86296 0 2 tcp 1040 ------- 1 0.0 3.0 518 1127
r 4.87128 0 2 tcp 1040 ------- 1 0.0 3.0 519 1129
r 4.87392 2 3 tcp 1040 ------- 1 0.0 3.0 509 1107
r 4.8796 0 2 tcp 1040 ------- 1 0.0 3.0 520 1131
r 4.88224 2 3 tcp 1040 ------- 1 0.0 3.0 510 1110
r 4.88792 0 2 tcp 1040 ------- 1 0.0 3.0 521 1132
r 4.89056 2 3 tcp 1040 ------- 1 0.0 3.0 511 1112
r 4.89624 0 2 tcp 1040 ------- 1 0.0 3.0 522 1134
r 4.89888 2 3 tcp 1040 ------- 1 0.0 3.0 512 1114
r 4.90456 0 2 tcp 1040 ------- 1 0.0 3.0 523 1135
r 4.9072 2 3 tcp 1040 ------- 1 0.0 3.0 513 1116
r 4.91288 0 2 tcp 1040 ------- 1 0.0 3.0 524 1137
r 4.91552 2 3 tcp 1040 ------- 1 0.0 3.0 514 1119
r 4.9212 0 2 tcp 1040 ------- 1 0.0 3.0 525 1140
r 4.92384 2 3 tcp 1040 ------- 1 0.0 3.0 515 1121
r 4.92952 0 2 tcp 1040 ------- 1 0.0 3.0 526 1142
r 4.93216 2 3 tcp 1040 ------- 1 0.0 3.0 516 1123
r 4.93784 0 2 tcp 1040 ------- 1 0.0 3.0 527 1144
r 4.94048 2 3 tcp 1040 ------- 1 0.0 3.0 517 1125
r 4.94616 0 2 tcp 1040 ------- 1 0.0 3.0 528 1146
r 4.9488 2 3 tcp 1040 ------- 1 0.0 3.0 518 1127
r 4.95448 0 2 tcp 1040 ------- 1 0.0 3.0 529 1149
r 4.95712 2 3 tcp 1040 ------- 1 0.0 3.0 519 1129
r 4.9628 0 2 tcp 1040 ------- 1 0.0 3.0 530 1151
r 4.96544 2 3 tcp 1040 ------- 1 0.0 3.0 520 1131
r 4.97112 0 2 tcp 1040 ------- 1 0.0 3.0 531 1153
r 4.97376 2 3 tcp 1040 ------- 1 0.0 3.0 521 1132
r 4.97944 0 2 tcp 1040 ------- 1 0.0 3.0 532 1155
r 4.98208 2 3 tcp 1040 ------- 1 0.0 3.0 522 1134
r 4.98776 0 2 tcp 1040 ------- 1 0.0 3.0 533 1157
r 4.9904 2 3 tcp 1040 ------- 1 0.0 3.0 523 1135
r 4.99608 0 2 tcp 1040 ------- 1 0.0 3.0 534 1159
r 4.99872 2 3 tcp 1040 ------- 1 0.0 3.0 524 1137
r 5.0044 0 2 tcp 1040 ------- 1 0.0 3.0 535 1161
r 5.00704 2 3 tcp 1040 ------- 1 0.0 3.0 525 1140
r 5.01272 0 2 tcp 1040 ------- 1 0.0 3.0 536 1163
r 5.01536 2 3 tcp 1040 ------- 1 0.0 3.0 526 1142
r 5.02104 0 2 tcp 1040 ------- 1 0.0 3.0 537 1165
r 5.02368 2 3 tcp 1040 ------- 1 0.0 3.0 527 1144
r 5.02936 0 2 tcp 1040 ------- 1 0.0 3.0 538 1166
r 5.032 2 3 tcp 1040 ------- 1 0.0 3.0 528 1146
r 5.04032 2 3 tcp 1040 ------- 1 0.0 3.0 529 1149
r 5.04864 2 3 tcp 1040 ------- 1 0.0 3.0 530 1151
r 5.05696 2 3 tcp 1040 ------- 1 0.0 3.0 531 1153
r 5.06528 2 3 tcp 1040 ------- 1 0.0 3.0 532 1155
r 5.0736 2 3 tcp 1040 ------- 1 0.0 3.0 533 1157
r 5.08192 2 3 tcp 1040 ------- 1 0.0 3.0 534 1159
r 5.09024 2 3 tcp 1040 ------- 1 0.0 3.0 535 1161
r 5.09856 2 3 tcp 1040 ------- 1 0.0 3.0 536 1163
r 5.10688 2 3 tcp 1040 ------- 1 0.0 3.0 537 1165
r 5.1152 2 3 tcp 1040 ------- 1 0.0 3.0 538 1166
r 9.20536 1 2 tcp 1040 ------- 2 1.0 4.0 300 1694
r 9.28856 1 2 tcp 1040 ------- 2 1.0 4.0 310 1714
r 9.37176 1 2 tcp 1040 ------- 2 1.0 4.0 320 1734
r 9.45496 1 2 tcp 1040 ------- 2 1.0 4.0 330 1754
r 9.53816 1 2 tcp 1040 ------- 2 1.0 4.0 340 1774
r 9.62136 1 2 tcp 1040 ------- 2 1.0 4.0 350 1794
r 9.70456 1 2 tcp 1040 ------- 2 1.0 4.0 360 1814
r 9.78776 1 2 tcp 1040 ------- 2 1.0 4.0 370 1834
r 9.87096 1 2 tcp 1040 ------- 2 1.0 4.0 380 1854
r 9.95416 1 2 tcp 1040 ------- 2 1.0 4.0 390 1874
